<?xml version="1.0" encoding="UTF-8"?>
<!-- Generated by org.testng.reporters.JUnitReportReporter -->
<testsuite skipped="0" hostname="Chandan" name="com.appium.DeviceScripts.SK_Tips_Blank" tests="1" failures="0" timestamp="23 Sep 2019 06:09:14 GMT" time="109.820" errors="0">
  <testcase name="testTimerIncident" time="109.820" classname="com.appium.DeviceScripts.SK_Tips_Blank"/>
</testsuite> <!-- com.appium.DeviceScripts.SK_Tips_Blank -->
