<?xml version="1.0" encoding="UTF-8"?>
<!-- Generated by org.testng.reporters.JUnitReportReporter -->
<testsuite skipped="0" hostname="Chandan" name="com.appium.DeviceScripts.SK_Tips_Anonymous" tests="1" failures="0" timestamp="07 Dec 2019 13:03:31 GMT" time="102.200" errors="0">
  <testcase name="testTimerIncident" time="102.200" classname="com.appium.DeviceScripts.SK_Tips_Anonymous"/>
</testsuite> <!-- com.appium.DeviceScripts.SK_Tips_Anonymous -->
