<?xml version="1.0" encoding="UTF-8"?>
<!-- Generated by org.testng.reporters.JUnitReportReporter -->
<testsuite skipped="0" hostname="Chandan" name="com.appium.scripts.SK_Tips_GeoLocation" tests="1" failures="0" timestamp="08 Jul 2019 12:09:40 GMT" time="75.260" errors="0">
  <testcase name="testTimerIncident" time="75.260" classname="com.appium.scripts.SK_Tips_GeoLocation"/>
</testsuite> <!-- com.appium.scripts.SK_Tips_GeoLocation -->
