<?xml version="1.0" encoding="UTF-8"?>
<!-- Generated by org.testng.reporters.JUnitReportReporter -->
<testsuite skipped="0" hostname="Chandan" name="com.appium.scripts.SK_IA_SafeWalk" tests="1" failures="0" timestamp="05 Aug 2019 05:45:14 GMT" time="92.495" errors="0">
  <testcase name="safeWalk" time="92.495" classname="com.appium.scripts.SK_IA_SafeWalk"/>
</testsuite> <!-- com.appium.scripts.SK_IA_SafeWalk -->
