<?xml version="1.0" encoding="UTF-8"?>
<!-- Generated by org.testng.reporters.JUnitReportReporter -->
<testsuite skipped="0" hostname="Chandan" name="com.appium.DeviceScripts.SK_ERP" tests="1" failures="0" timestamp="22 Jun 2020 06:56:59 GMT" time="107.468" errors="0">
  <testcase name="testERP" time="107.468" classname="com.appium.DeviceScripts.SK_ERP"/>
</testsuite> <!-- com.appium.DeviceScripts.SK_ERP -->
