<?xml version="1.0" encoding="UTF-8"?>
<!-- Generated by org.testng.reporters.JUnitReportReporter -->
<testsuite skipped="0" hostname="Chandan" name="com.appium.DeviceScripts.SK_Tips_Anonymous" tests="1" failures="0" timestamp="07 Apr 2020 06:11:38 GMT" time="16.634" errors="0">
  <testcase name="testTips" time="16.634" classname="com.appium.DeviceScripts.SK_Tips_Anonymous"/>
</testsuite> <!-- com.appium.DeviceScripts.SK_Tips_Anonymous -->
