<?xml version="1.0" encoding="UTF-8"?>
<!-- Generated by org.testng.reporters.JUnitReportReporter -->
<testsuite skipped="0" hostname="Chandan" name="com.appium.DeviceScripts.SK_911_Incident" tests="1" failures="0" timestamp="22 Jun 2020 06:56:59 GMT" time="11.913" errors="0">
  <testcase name="test911Incident" time="11.913" classname="com.appium.DeviceScripts.SK_911_Incident"/>
</testsuite> <!-- com.appium.DeviceScripts.SK_911_Incident -->
