<?xml version="1.0" encoding="UTF-8"?>
<!-- Generated by org.testng.reporters.JUnitReportReporter -->
<testsuite skipped="0" hostname="Chandan" name="com.appium.scripts.SK_Tips_Anonymous" tests="1" failures="0" timestamp="22 Jul 2019 05:48:32 GMT" time="72.295" errors="0">
  <testcase name="testTimerIncident" time="72.295" classname="com.appium.scripts.SK_Tips_Anonymous"/>
</testsuite> <!-- com.appium.scripts.SK_Tips_Anonymous -->
