<?xml version="1.0" encoding="UTF-8"?>
<!-- Generated by org.testng.reporters.JUnitReportReporter -->
<testsuite skipped="0" hostname="Chandan" name="com.appium.scripts.InstallAppFromGooglePlayStore" tests="1" failures="0" timestamp="01 Aug 2019 11:43:31 GMT" time="321.646" errors="0">
  <testcase name="installApp" time="321.646" classname="com.appium.scripts.InstallAppFromGooglePlayStore"/>
</testsuite> <!-- com.appium.scripts.InstallAppFromGooglePlayStore -->
