<?xml version="1.0" encoding="UTF-8"?>
<!-- Generated by org.testng.reporters.JUnitReportReporter -->
<testsuite skipped="0" hostname="Chandan" name="com.appium.scripts.SK_IA_CreateAccount" tests="1" failures="0" timestamp="05 Aug 2019 05:45:14 GMT" time="260.668" errors="0">
  <testcase name="createAccount" time="260.668" classname="com.appium.scripts.SK_IA_CreateAccount"/>
</testsuite> <!-- com.appium.scripts.SK_IA_CreateAccount -->
