<?xml version="1.0" encoding="UTF-8"?>
<!-- Generated by org.testng.reporters.JUnitReportReporter -->
<testsuite skipped="0" hostname="Chandan" name="com.appium.DeviceScripts.SK_MAP" tests="1" failures="0" timestamp="09 Apr 2020 08:44:11 GMT" time="65.851" errors="0">
  <testcase name="testSOSIncident" time="65.851" classname="com.appium.DeviceScripts.SK_MAP"/>
</testsuite> <!-- com.appium.DeviceScripts.SK_MAP -->
