<?xml version="1.0" encoding="UTF-8"?>
<!-- Generated by org.testng.reporters.JUnitReportReporter -->
<testsuite skipped="0" hostname="Chandan" name="com.appium.DeviceScripts.SK_Tips_Blank" tests="1" failures="0" timestamp="09 Apr 2020 05:14:11 GMT" time="18.237" errors="0">
  <testcase name="testTips" time="18.237" classname="com.appium.DeviceScripts.SK_Tips_Blank"/>
</testsuite> <!-- com.appium.DeviceScripts.SK_Tips_Blank -->
