<?xml version="1.0" encoding="UTF-8"?>
<!-- Generated by org.testng.reporters.JUnitReportReporter -->
<testsuite skipped="0" hostname="Chandan" name="com.appium.DeviceScripts.SK_GroupCall" tests="1" failures="0" timestamp="23 Jun 2020 08:52:02 GMT" time="97.399" errors="0">
  <testcase name="GroupCall" time="97.399" classname="com.appium.DeviceScripts.SK_GroupCall"/>
</testsuite> <!-- com.appium.DeviceScripts.SK_GroupCall -->
