<?xml version="1.0" encoding="UTF-8"?>
<!-- Generated by org.testng.reporters.JUnitReportReporter -->
<testsuite skipped="0" hostname="Chandan" name="com.appium.DeviceScripts.SK_CreateAccount" tests="1" failures="0" timestamp="29 Aug 2019 06:49:02 GMT" time="202.268" errors="0">
  <testcase name="CreateAccount" time="202.268" classname="com.appium.DeviceScripts.SK_CreateAccount"/>
</testsuite> <!-- com.appium.DeviceScripts.SK_CreateAccount -->
