<?xml version="1.0" encoding="UTF-8"?>
<!-- Generated by org.testng.reporters.JUnitReportReporter -->
<testsuite skipped="0" hostname="Chandan" name="com.appium.DeviceScripts.SK_Tips_NonAnonymous" tests="1" failures="0" timestamp="20 Jul 2020 06:51:11 GMT" time="162.581" errors="0">
  <testcase name="testTips" time="162.581" classname="com.appium.DeviceScripts.SK_Tips_NonAnonymous"/>
</testsuite> <!-- com.appium.DeviceScripts.SK_Tips_NonAnonymous -->
