<?xml version="1.0" encoding="UTF-8"?>
<!-- Generated by org.testng.reporters.JUnitReportReporter -->
<testsuite skipped="0" hostname="Chandan" name="com.appium.commonutils.connectMySQL" tests="1" failures="0" timestamp="12 Jul 2019 09:18:31 GMT" time="0.197" errors="0">
  <testcase name="getDB" time="0.197" classname="com.appium.commonutils.connectMySQL"/>
</testsuite> <!-- com.appium.commonutils.connectMySQL -->
