<?xml version="1.0" encoding="UTF-8"?>
<!-- Generated by org.testng.reporters.JUnitReportReporter -->
<testsuite skipped="0" hostname="Chandan" name="com.appium.DeviceScripts.SK_Timer_Incident" tests="1" failures="0" timestamp="23 Jun 2020 10:54:26 GMT" time="474.387" errors="0">
  <testcase name="testTimerIncident" time="474.387" classname="com.appium.DeviceScripts.SK_Timer_Incident"/>
</testsuite> <!-- com.appium.DeviceScripts.SK_Timer_Incident -->
