<?xml version="1.0" encoding="UTF-8"?>
<!-- Generated by org.testng.reporters.JUnitReportReporter -->
<testsuite skipped="0" hostname="Chandan" name="com.appium.DeviceScripts.SK_CreateProfile" tests="1" failures="0" timestamp="09 Dec 2019 06:58:32 GMT" time="384.053" errors="0">
  <testcase name="CreateAccount" time="384.053" classname="com.appium.DeviceScripts.SK_CreateProfile"/>
</testsuite> <!-- com.appium.DeviceScripts.SK_CreateProfile -->
