<?xml version="1.0" encoding="UTF-8"?>
<!-- Generated by org.testng.reporters.JUnitReportReporter -->
<testsuite skipped="0" hostname="Chandan" name="com.appium.DeviceScripts.SK_Timer_Incident" tests="1" failures="0" timestamp="30 Aug 2019 05:33:23 GMT" time="455.947" errors="0">
  <testcase name="testTimerIncident" time="455.947" classname="com.appium.DeviceScripts.SK_Timer_Incident"/>
</testsuite> <!-- com.appium.DeviceScripts.SK_Timer_Incident -->
