<?xml version="1.0" encoding="UTF-8"?>
<!-- Generated by org.testng.reporters.JUnitReportReporter -->
<testsuite skipped="0" hostname="Chandan" name="com.appium.EmulatorScripts.SK_Emulator_CreateAccount" tests="1" failures="0" timestamp="13 Aug 2019 13:06:36 GMT" time="304.063" errors="0">
  <testcase name="createAccount" time="304.063" classname="com.appium.EmulatorScripts.SK_Emulator_CreateAccount"/>
</testsuite> <!-- com.appium.EmulatorScripts.SK_Emulator_CreateAccount -->
