<?xml version="1.0" encoding="UTF-8"?>
<!-- Generated by org.testng.reporters.JUnitReportReporter -->
<testsuite skipped="0" hostname="Chandan" name="com.appium.DeviceScripts.SK_MAP" tests="1" failures="0" timestamp="05 May 2020 10:29:55 GMT" time="107.410" errors="0">
  <testcase name="testSteerPathMap" time="107.410" classname="com.appium.DeviceScripts.SK_MAP"/>
</testsuite> <!-- com.appium.DeviceScripts.SK_MAP -->
