<?xml version="1.0" encoding="UTF-8"?>
<!-- Generated by org.testng.reporters.JUnitReportReporter -->
<testsuite skipped="0" hostname="Chandan" name="com.appium.EmulatorScripts.SK_Emulator_CreateAccount" tests="1" failures="0" timestamp="03 Sep 2019 05:59:55 GMT" time="481.005" errors="0">
  <testcase name="createAccount" time="481.005" classname="com.appium.EmulatorScripts.SK_Emulator_CreateAccount"/>
</testsuite> <!-- com.appium.EmulatorScripts.SK_Emulator_CreateAccount -->
