<?xml version="1.0" encoding="UTF-8"?>
<!-- Generated by org.testng.reporters.JUnitReportReporter -->
<testsuite skipped="0" hostname="Chandan" name="com.appium.DeviceScripts.SK_AudioLocation_Incident" tests="1" failures="0" timestamp="04 Aug 2020 12:48:26 GMT" time="148.339" errors="0">
  <testcase name="verifyPhotoAudioIncident" time="148.339" classname="com.appium.DeviceScripts.SK_AudioLocation_Incident"/>
</testsuite> <!-- com.appium.DeviceScripts.SK_AudioLocation_Incident -->
