<?xml version="1.0" encoding="UTF-8"?>
<!-- Generated by org.testng.reporters.JUnitReportReporter -->
<testsuite skipped="0" hostname="Chandan" name="com.appium.DeviceScripts.SK_MAP" tests="1" failures="0" timestamp="30 Apr 2020 05:38:46 GMT" time="131.195" errors="0">
  <testcase name="testSteerPathMap" time="131.195" classname="com.appium.DeviceScripts.SK_MAP"/>
</testsuite> <!-- com.appium.DeviceScripts.SK_MAP -->
