<?xml version="1.0" encoding="UTF-8"?>
<!-- Generated by org.testng.reporters.JUnitReportReporter -->
<testsuite skipped="0" hostname="Chandan" name="com.appium.DeviceScripts.SK_Tips_Blank" tests="1" failures="0" timestamp="23 Apr 2020 05:31:17 GMT" time="112.208" errors="0">
  <testcase name="testTips" time="112.208" classname="com.appium.DeviceScripts.SK_Tips_Blank"/>
</testsuite> <!-- com.appium.DeviceScripts.SK_Tips_Blank -->
