<?xml version="1.0" encoding="UTF-8"?>
<!-- Generated by org.testng.reporters.JUnitReportReporter -->
<testsuite skipped="0" hostname="Chandan" name="com.appium.DeviceScripts.SK_SafeWalk_Incident" tests="1" failures="0" timestamp="04 Aug 2020 12:48:26 GMT" time="110.446" errors="0">
  <testcase name="testSafewalkIncident" time="110.446" classname="com.appium.DeviceScripts.SK_SafeWalk_Incident"/>
</testsuite> <!-- com.appium.DeviceScripts.SK_SafeWalk_Incident -->
