<?xml version="1.0" encoding="UTF-8"?>
<!-- Generated by org.testng.reporters.JUnitReportReporter -->
<testsuite skipped="0" hostname="Chandan" name="com.appium.scripts.LaunchApp" tests="1" failures="0" timestamp="27 Jun 2019 14:15:17 GMT" time="9.516" errors="0">
  <testcase name="signInApp" time="9.516" classname="com.appium.scripts.LaunchApp"/>
</testsuite> <!-- com.appium.scripts.LaunchApp -->
