<?xml version="1.0" encoding="UTF-8"?>
<!-- Generated by org.testng.reporters.JUnitReportReporter -->
<testsuite skipped="0" hostname="Chandan" name="com.appium.DeviceScripts.SK_EditProfile" tests="1" failures="0" timestamp="15 Jul 2020 11:06:05 GMT" time="64.010" errors="0">
  <testcase name="Profile" time="64.010" classname="com.appium.DeviceScripts.SK_EditProfile"/>
</testsuite> <!-- com.appium.DeviceScripts.SK_EditProfile -->
