<?xml version="1.0" encoding="UTF-8"?>
<!-- Generated by org.testng.reporters.JUnitReportReporter -->
<testsuite skipped="0" hostname="Chandan" name="com.appium.DeviceScripts.SK_Timer_Incident" tests="1" failures="0" timestamp="09 Apr 2020 05:14:11 GMT" time="21.356" errors="0">
  <testcase name="testTimerIncident" time="21.356" classname="com.appium.DeviceScripts.SK_Timer_Incident"/>
</testsuite> <!-- com.appium.DeviceScripts.SK_Timer_Incident -->
