<?xml version="1.0" encoding="UTF-8"?>
<!-- Generated by org.testng.reporters.JUnitReportReporter -->
<testsuite skipped="0" hostname="Chandan" name="com.appium.DeviceScripts.SK_SteerpathMAP" tests="1" failures="0" timestamp="20 Jul 2020 06:51:11 GMT" time="83.412" errors="0">
  <testcase name="testSteerPathMap" time="83.412" classname="com.appium.DeviceScripts.SK_SteerpathMAP"/>
</testsuite> <!-- com.appium.DeviceScripts.SK_SteerpathMAP -->
