<?xml version="1.0" encoding="UTF-8"?>
<!-- Generated by org.testng.reporters.JUnitReportReporter -->
<testsuite skipped="0" hostname="Chandan" name="com.appium.EmulatorScripts.SK_Emulator_SafeWalk" tests="1" failures="0" timestamp="14 Aug 2019 12:30:57 GMT" time="270.829" errors="0">
  <testcase name="safeWalk" time="270.829" classname="com.appium.EmulatorScripts.SK_Emulator_SafeWalk"/>
</testsuite> <!-- com.appium.EmulatorScripts.SK_Emulator_SafeWalk -->
