<?xml version="1.0" encoding="UTF-8"?>
<!-- Generated by org.testng.reporters.JUnitReportReporter -->
<testsuite skipped="0" hostname="Chandan" name="com.appium.DeviceScripts.SK_GroupCall" tests="1" failures="0" timestamp="05 May 2020 10:29:55 GMT" time="101.808" errors="0">
  <testcase name="GroupCall" time="101.808" classname="com.appium.DeviceScripts.SK_GroupCall"/>
</testsuite> <!-- com.appium.DeviceScripts.SK_GroupCall -->
