<?xml version="1.0" encoding="UTF-8"?>
<!-- Generated by org.testng.reporters.JUnitReportReporter -->
<testsuite skipped="0" hostname="Chandan" name="com.appium.scripts.SK_IA_GooglePlay" tests="1" failures="0" timestamp="03 Aug 2019 07:32:21 GMT" time="310.079" errors="0">
  <testcase name="installApp" time="310.079" classname="com.appium.scripts.SK_IA_GooglePlay"/>
</testsuite> <!-- com.appium.scripts.SK_IA_GooglePlay -->
