<?xml version="1.0" encoding="UTF-8"?>
<!-- Generated by org.testng.reporters.JUnitReportReporter -->
<testsuite skipped="0" hostname="Chandan" name="com.appium.DeviceScripts.SK_GroupCall" tests="1" failures="0" timestamp="15 Mar 2021 10:51:46 GMT" time="106.135" errors="0">
  <testcase name="GroupCall" time="106.135" classname="com.appium.DeviceScripts.SK_GroupCall"/>
</testsuite> <!-- com.appium.DeviceScripts.SK_GroupCall -->
