<?xml version="1.0" encoding="UTF-8"?>
<!-- Generated by org.testng.reporters.JUnitReportReporter -->
<testsuite skipped="0" hostname="Chandan" name="com.appium.scripts.SK_IA_Timer" tests="1" failures="0" timestamp="05 Aug 2019 05:54:27 GMT" time="442.640" errors="0">
  <testcase name="TimerIncident" time="442.640" classname="com.appium.scripts.SK_IA_Timer"/>
</testsuite> <!-- com.appium.scripts.SK_IA_Timer -->
