<?xml version="1.0" encoding="UTF-8"?>
<!-- Generated by org.testng.reporters.JUnitReportReporter -->
<testsuite skipped="0" hostname="Chandan" name="com.appium.scripts.SK_SOSInstalledApp" tests="1" failures="0" timestamp="03 Aug 2019 05:47:53 GMT" time="106.017" errors="0">
  <testcase name="SOS" time="106.017" classname="com.appium.scripts.SK_SOSInstalledApp"/>
</testsuite> <!-- com.appium.scripts.SK_SOSInstalledApp -->
