<?xml version="1.0" encoding="UTF-8"?>
<!-- Generated by org.testng.reporters.JUnitReportReporter -->
<testsuite skipped="0" hostname="Chandan" name="com.appium.DeviceScripts.SK_Maps" tests="1" failures="0" timestamp="20 Jul 2020 06:51:11 GMT" time="103.280" errors="0">
  <testcase name="VerifyAllMap" time="103.280" classname="com.appium.DeviceScripts.SK_Maps"/>
</testsuite> <!-- com.appium.DeviceScripts.SK_Maps -->
