<?xml version="1.0" encoding="UTF-8"?>
<!-- Generated by org.testng.reporters.JUnitReportReporter -->
<testsuite skipped="0" hostname="Chandan" name="com.appium.DeviceScripts.SK_SendNotification" tests="1" failures="0" timestamp="23 Jun 2020 12:06:04 GMT" time="40.183" errors="0">
  <testcase name="Profile" time="40.183" classname="com.appium.DeviceScripts.SK_SendNotification"/>
</testsuite> <!-- com.appium.DeviceScripts.SK_SendNotification -->
