<?xml version="1.0" encoding="UTF-8"?>
<!-- Generated by org.testng.reporters.JUnitReportReporter -->
<testsuite skipped="0" hostname="Chandan" name="com.appium.DeviceScripts.SK_SendNotification" tests="1" failures="0" timestamp="15 Jul 2020 11:06:05 GMT" time="52.573" errors="0">
  <testcase name="Profile" time="52.573" classname="com.appium.DeviceScripts.SK_SendNotification"/>
</testsuite> <!-- com.appium.DeviceScripts.SK_SendNotification -->
