<?xml version="1.0" encoding="UTF-8"?>
<!-- Generated by org.testng.reporters.JUnitReportReporter -->
<testsuite skipped="0" hostname="Chandan" name="com.appium.DeviceScripts.SK_Maps" tests="1" failures="0" timestamp="30 Jun 2020 05:23:43 GMT" time="83.990" errors="0">
  <testcase name="VerifyAllMap" time="83.990" classname="com.appium.DeviceScripts.SK_Maps"/>
</testsuite> <!-- com.appium.DeviceScripts.SK_Maps -->
