<?xml version="1.0" encoding="UTF-8"?>
<!-- Generated by org.testng.reporters.JUnitReportReporter -->
<testsuite skipped="0" hostname="Chandan" name="com.appium.DeviceScripts.SK_Organization" tests="1" failures="0" timestamp="30 Jun 2020 05:23:43 GMT" time="39.145" errors="0">
  <testcase name="Profile" time="39.145" classname="com.appium.DeviceScripts.SK_Organization"/>
</testsuite> <!-- com.appium.DeviceScripts.SK_Organization -->
