<?xml version="1.0" encoding="UTF-8"?>
<!-- Generated by org.testng.reporters.JUnitReportReporter -->
<testsuite skipped="0" hostname="Chandan" name="com.appium.DeviceScripts.SK_SOS_Incident" tests="1" failures="0" timestamp="07 May 2020 04:56:49 GMT" time="122.033" errors="0">
  <testcase name="testSOSIncident" time="122.033" classname="com.appium.DeviceScripts.SK_SOS_Incident"/>
</testsuite> <!-- com.appium.DeviceScripts.SK_SOS_Incident -->
