<?xml version="1.0" encoding="UTF-8"?>
<!-- Generated by org.testng.reporters.JUnitReportReporter -->
<testsuite skipped="0" hostname="Chandan" name="com.appium.DeviceScripts.SK_GroupCall" tests="1" failures="0" timestamp="14 Aug 2020 11:06:33 GMT" time="103.728" errors="0">
  <testcase name="GroupCall" time="103.728" classname="com.appium.DeviceScripts.SK_GroupCall"/>
</testsuite> <!-- com.appium.DeviceScripts.SK_GroupCall -->
