<?xml version="1.0" encoding="UTF-8"?>
<!-- Generated by org.testng.reporters.JUnitReportReporter -->
<testsuite skipped="0" hostname="Chandan" name="com.appium.DeviceScripts.SK_DataBaseConnector" tests="1" failures="0" timestamp="11 Sep 2019 12:42:22 GMT" time="0.154" errors="0">
  <testcase name="testPostgresDB" time="0.154" classname="com.appium.DeviceScripts.SK_DataBaseConnector"/>
</testsuite> <!-- com.appium.DeviceScripts.SK_DataBaseConnector -->
