<?xml version="1.0" encoding="UTF-8"?>
<!-- Generated by org.testng.reporters.JUnitReportReporter -->
<testsuite skipped="0" hostname="Chandan" name="com.appium.DeviceScripts.SK_VisitorManagement" tests="1" failures="0" timestamp="22 Jun 2020 18:28:13 GMT" time="86.368" errors="0">
  <testcase name="testERP" time="86.368" classname="com.appium.DeviceScripts.SK_VisitorManagement"/>
</testsuite> <!-- com.appium.DeviceScripts.SK_VisitorManagement -->
