<?xml version="1.0" encoding="UTF-8"?>
<!-- Generated by org.testng.reporters.JUnitReportReporter -->
<testsuite skipped="0" hostname="Chandan" name="com.appium.DeviceScripts.SK_EditProfile" tests="1" failures="0" timestamp="23 Jun 2020 08:52:02 GMT" time="147.409" errors="0">
  <testcase name="Profile" time="147.409" classname="com.appium.DeviceScripts.SK_EditProfile"/>
</testsuite> <!-- com.appium.DeviceScripts.SK_EditProfile -->
