<?xml version="1.0" encoding="UTF-8"?>
<!-- Generated by org.testng.reporters.JUnitReportReporter -->
<testsuite skipped="0" hostname="Chandan" name="com.appium.DeviceScripts.SK_SOS_Incident" tests="1" failures="0" timestamp="04 Jul 2020 13:13:48 GMT" time="224.252" errors="0">
  <testcase name="testSOSIncident" time="224.252" classname="com.appium.DeviceScripts.SK_SOS_Incident"/>
</testsuite> <!-- com.appium.DeviceScripts.SK_SOS_Incident -->
