<?xml version="1.0" encoding="UTF-8"?>
<!-- Generated by org.testng.reporters.JUnitReportReporter -->
<testsuite skipped="0" hostname="Chandan" name="com.appium.DeviceScripts.SK_CreateProfile" tests="1" failures="0" timestamp="08 Jul 2020 16:28:44 GMT" time="160.329" errors="0">
  <testcase name="CreateAccount" time="160.329" classname="com.appium.DeviceScripts.SK_CreateProfile"/>
</testsuite> <!-- com.appium.DeviceScripts.SK_CreateProfile -->
