<?xml version="1.0" encoding="UTF-8"?>
<!-- Generated by org.testng.reporters.JUnitReportReporter -->
<testsuite skipped="0" hostname="Chandan" name="com.appium.DeviceScripts.SK_Tips_GeoLocation" tests="1" failures="0" timestamp="09 Dec 2019 06:58:32 GMT" time="106.682" errors="0">
  <testcase name="testTimerIncident" time="106.682" classname="com.appium.DeviceScripts.SK_Tips_GeoLocation"/>
</testsuite> <!-- com.appium.DeviceScripts.SK_Tips_GeoLocation -->
