<?xml version="1.0" encoding="UTF-8"?>
<!-- Generated by org.testng.reporters.JUnitReportReporter -->
<testsuite skipped="0" hostname="Chandan" name="com.appium.DeviceScripts.SK_VisitorManagement" tests="1" failures="0" timestamp="14 Aug 2020 11:06:33 GMT" time="50.648" errors="0">
  <testcase name="testERP" time="50.648" classname="com.appium.DeviceScripts.SK_VisitorManagement"/>
</testsuite> <!-- com.appium.DeviceScripts.SK_VisitorManagement -->
