<?xml version="1.0" encoding="UTF-8"?>
<!-- Generated by org.testng.reporters.JUnitReportReporter -->
<testsuite skipped="0" hostname="Chandan" name="com.appium.DeviceScripts.SK_Timer_Incident" tests="1" failures="0" timestamp="07 Apr 2020 06:11:38 GMT" time="18.567" errors="0">
  <testcase name="testTimerIncident" time="18.567" classname="com.appium.DeviceScripts.SK_Timer_Incident"/>
</testsuite> <!-- com.appium.DeviceScripts.SK_Timer_Incident -->
