<?xml version="1.0" encoding="UTF-8"?>
<!-- Generated by org.testng.reporters.JUnitReportReporter -->
<testsuite skipped="0" hostname="Chandan" name="com.appium.DeviceScripts.SK_AudioLocation_Incident" tests="1" failures="0" timestamp="30 Apr 2020 05:38:46 GMT" time="214.384" errors="0">
  <testcase name="verifyPhotoAudioIncident" time="214.384" classname="com.appium.DeviceScripts.SK_AudioLocation_Incident"/>
</testsuite> <!-- com.appium.DeviceScripts.SK_AudioLocation_Incident -->
