<?xml version="1.0" encoding="UTF-8"?>
<!-- Generated by org.testng.reporters.JUnitReportReporter -->
<testsuite skipped="0" hostname="Chandan" name="com.appium.scripts.SK_SignIn" tests="1" failures="0" timestamp="28 Jun 2019 09:36:00 GMT" time="31.109" errors="0">
  <testcase name="signInApp" time="31.109" classname="com.appium.scripts.SK_SignIn"/>
</testsuite> <!-- com.appium.scripts.SK_SignIn -->
