<?xml version="1.0" encoding="UTF-8"?>
<!-- Generated by org.testng.reporters.JUnitReportReporter -->
<testsuite skipped="0" hostname="Chandan" name="com.appium.DeviceScripts.SK_Tips_GeoLocation" tests="1" failures="0" timestamp="13 Apr 2020 05:30:01 GMT" time="26.436" errors="0">
  <testcase name="testTips" time="26.436" classname="com.appium.DeviceScripts.SK_Tips_GeoLocation"/>
</testsuite> <!-- com.appium.DeviceScripts.SK_Tips_GeoLocation -->
