<?xml version="1.0" encoding="UTF-8"?>
<!-- Generated by org.testng.reporters.JUnitReportReporter -->
<testsuite skipped="0" hostname="Chandan" name="com.appium.DeviceScripts.SK_MAP" tests="1" failures="0" timestamp="11 Jun 2020 10:10:10 GMT" time="95.186" errors="0">
  <testcase name="testSteerPathMap" time="95.186" classname="com.appium.DeviceScripts.SK_MAP"/>
</testsuite> <!-- com.appium.DeviceScripts.SK_MAP -->
