<?xml version="1.0" encoding="UTF-8"?>
<!-- Generated by org.testng.reporters.JUnitReportReporter -->
<testsuite skipped="0" hostname="Chandan" name="com.appium.DeviceScripts.SK_DataBaseConnector" tests="1" failures="0" timestamp="15 Oct 2019 05:54:10 GMT" time="1.057" errors="0">
  <testcase name="testPostgresDB" time="1.057" classname="com.appium.DeviceScripts.SK_DataBaseConnector"/>
</testsuite> <!-- com.appium.DeviceScripts.SK_DataBaseConnector -->
