<?xml version="1.0" encoding="UTF-8"?>
<!-- Generated by org.testng.reporters.JUnitReportReporter -->
<testsuite skipped="0" hostname="Chandan" name="com.appium.DeviceScripts.SK_Tips_NonAnonymous" tests="1" failures="0" timestamp="04 Jul 2020 13:13:48 GMT" time="191.985" errors="0">
  <testcase name="testTips" time="191.985" classname="com.appium.DeviceScripts.SK_Tips_NonAnonymous"/>
</testsuite> <!-- com.appium.DeviceScripts.SK_Tips_NonAnonymous -->
