<?xml version="1.0" encoding="UTF-8"?>
<!-- Generated by org.testng.reporters.JUnitReportReporter -->
<testsuite skipped="0" hostname="Chandan" name="com.appium.DeviceScripts.SK_EditProfile" tests="1" failures="0" timestamp="08 Jul 2020 10:55:26 GMT" time="127.084" errors="0">
  <testcase name="Profile" time="127.084" classname="com.appium.DeviceScripts.SK_EditProfile"/>
</testsuite> <!-- com.appium.DeviceScripts.SK_EditProfile -->
