<?xml version="1.0" encoding="UTF-8"?>
<!-- Generated by org.testng.reporters.JUnitReportReporter -->
<testsuite skipped="0" hostname="Chandan" name="com.appium.scripts.SK_IA_SOS" tests="1" failures="0" timestamp="05 Aug 2019 05:45:14 GMT" time="92.084" errors="0">
  <testcase name="SOS" time="92.084" classname="com.appium.scripts.SK_IA_SOS"/>
</testsuite> <!-- com.appium.scripts.SK_IA_SOS -->
