<?xml version="1.0" encoding="UTF-8"?>
<!-- Generated by org.testng.reporters.JUnitReportReporter -->
<testsuite skipped="0" hostname="Chandan" name="com.appium.DeviceScripts.SK_SOS_Incident" tests="1" failures="0" timestamp="23 Jun 2020 08:52:02 GMT" time="39.699" errors="0">
  <testcase name="testSOSIncident" time="39.699" classname="com.appium.DeviceScripts.SK_SOS_Incident"/>
</testsuite> <!-- com.appium.DeviceScripts.SK_SOS_Incident -->
