<?xml version="1.0" encoding="UTF-8"?>
<!-- Generated by org.testng.reporters.JUnitReportReporter -->
<testsuite skipped="0" hostname="Chandan" name="com.appium.DeviceScripts.SK_MyHistory" tests="1" failures="0" timestamp="23 Jun 2020 10:54:26 GMT" time="40.200" errors="0">
  <testcase name="testERP" time="40.200" classname="com.appium.DeviceScripts.SK_MyHistory"/>
</testsuite> <!-- com.appium.DeviceScripts.SK_MyHistory -->
