<?xml version="1.0" encoding="UTF-8"?>
<!-- Generated by org.testng.reporters.JUnitReportReporter -->
<testsuite skipped="0" hostname="Chandan" name="com.appium.DeviceScripts.SK_Organization" tests="1" failures="0" timestamp="08 Jul 2020 08:17:44 GMT" time="44.911" errors="0">
  <testcase name="Profile" time="44.911" classname="com.appium.DeviceScripts.SK_Organization"/>
</testsuite> <!-- com.appium.DeviceScripts.SK_Organization -->
