<?xml version="1.0" encoding="UTF-8"?>
<!-- Generated by org.testng.reporters.JUnitReportReporter -->
<testsuite skipped="0" hostname="Chandan" name="com.appium.DeviceScripts.SK_Organization" tests="1" failures="0" timestamp="14 Aug 2020 11:06:34 GMT" time="43.123" errors="0">
  <testcase name="Profile" time="43.123" classname="com.appium.DeviceScripts.SK_Organization"/>
</testsuite> <!-- com.appium.DeviceScripts.SK_Organization -->
