<?xml version="1.0" encoding="UTF-8"?>
<!-- Generated by org.testng.reporters.JUnitReportReporter -->
<testsuite skipped="0" hostname="Chandan" name="com.appium.DeviceScripts.SK_SOS_Incident" tests="1" failures="0" timestamp="27 Aug 2019 14:10:22 GMT" time="113.594" errors="0">
  <testcase name="testSOSIncident" time="113.594" classname="com.appium.DeviceScripts.SK_SOS_Incident"/>
</testsuite> <!-- com.appium.DeviceScripts.SK_SOS_Incident -->
