<?xml version="1.0" encoding="UTF-8"?>
<!-- Generated by org.testng.reporters.JUnitReportReporter -->
<testsuite skipped="0" hostname="Chandan" name="com.appium.DeviceScripts.SK_VisitorManagement" tests="1" failures="0" timestamp="20 Jul 2020 06:51:11 GMT" time="68.321" errors="0">
  <testcase name="testERP" time="68.321" classname="com.appium.DeviceScripts.SK_VisitorManagement"/>
</testsuite> <!-- com.appium.DeviceScripts.SK_VisitorManagement -->
