<?xml version="1.0" encoding="UTF-8"?>
<!-- Generated by org.testng.reporters.JUnitReportReporter -->
<testsuite skipped="0" hostname="Chandan" name="com.appium.scripts.SK_SafeWalk_Incident" tests="1" failures="0" timestamp="22 Jul 2019 05:43:00 GMT" time="90.271" errors="0">
  <testcase name="testSafewalkIncident" time="90.271" classname="com.appium.scripts.SK_SafeWalk_Incident"/>
</testsuite> <!-- com.appium.scripts.SK_SafeWalk_Incident -->
