<?xml version="1.0" encoding="UTF-8"?>
<!-- Generated by org.testng.reporters.JUnitReportReporter -->
<testsuite skipped="0" hostname="Chandan" name="com.appium.scripts.RunSQLQuery" tests="1" failures="0" timestamp="12 Jul 2019 11:14:53 GMT" time="1.207" errors="0">
  <testcase name="compareData" time="1.207" classname="com.appium.scripts.RunSQLQuery"/>
</testsuite> <!-- com.appium.scripts.RunSQLQuery -->
