<?xml version="1.0" encoding="UTF-8"?>
<!-- Generated by org.testng.reporters.JUnitReportReporter -->
<testsuite skipped="0" hostname="Chandan" name="com.appium.DeviceScripts.SK_Tips_NonAnonymous" tests="1" failures="0" timestamp="11 Jun 2020 06:56:00 GMT" time="190.085" errors="0">
  <testcase name="testTips" time="190.085" classname="com.appium.DeviceScripts.SK_Tips_NonAnonymous"/>
</testsuite> <!-- com.appium.DeviceScripts.SK_Tips_NonAnonymous -->
