<?xml version="1.0" encoding="UTF-8"?>
<!-- Generated by org.testng.reporters.JUnitReportReporter -->
<testsuite skipped="0" hostname="Chandan" name="com.appium.scripts.SK_LoginInstalledApp" tests="1" failures="0" timestamp="01 Aug 2019 12:52:43 GMT" time="88.578" errors="0">
  <testcase name="Login" time="88.578" classname="com.appium.scripts.SK_LoginInstalledApp"/>
</testsuite> <!-- com.appium.scripts.SK_LoginInstalledApp -->
