<?xml version="1.0" encoding="UTF-8"?>
<!-- Generated by org.testng.reporters.JUnitReportReporter -->
<testsuite skipped="0" hostname="Chandan" name="com.appium.DeviceScripts.SK_Tips_NonAnonymous" tests="1" failures="0" timestamp="22 Jun 2020 06:56:59 GMT" time="175.414" errors="0">
  <testcase name="testTips" time="175.414" classname="com.appium.DeviceScripts.SK_Tips_NonAnonymous"/>
</testsuite> <!-- com.appium.DeviceScripts.SK_Tips_NonAnonymous -->
