<?xml version="1.0" encoding="UTF-8"?>
<!-- Generated by org.testng.reporters.JUnitReportReporter -->
<testsuite skipped="0" hostname="Chandan" name="com.appium.scripts.SK_Tips" tests="1" failures="0" timestamp="08 Jul 2019 11:34:48 GMT" time="68.403" errors="0">
  <testcase name="testTimerIncident" time="68.403" classname="com.appium.scripts.SK_Tips"/>
</testsuite> <!-- com.appium.scripts.SK_Tips -->
