<?xml version="1.0" encoding="UTF-8"?>
<!-- Generated by org.testng.reporters.JUnitReportReporter -->
<testsuite skipped="0" hostname="Chandan" name="com.appium.scripts.SK_IA_TimerIncident" tests="1" failures="0" timestamp="03 Aug 2019 06:29:14 GMT" time="452.495" errors="0">
  <testcase name="TimerIncident" time="452.495" classname="com.appium.scripts.SK_IA_TimerIncident"/>
</testsuite> <!-- com.appium.scripts.SK_IA_TimerIncident -->
