<?xml version="1.0" encoding="UTF-8"?>
<!-- Generated by org.testng.reporters.JUnitReportReporter -->
<testsuite skipped="0" hostname="Chandan" name="com.appium.DeviceScripts.SK_Tips_GeoLocation" tests="1" failures="0" timestamp="30 Aug 2019 05:33:23 GMT" time="112.255" errors="0">
  <testcase name="testTimerIncident" time="112.255" classname="com.appium.DeviceScripts.SK_Tips_GeoLocation"/>
</testsuite> <!-- com.appium.DeviceScripts.SK_Tips_GeoLocation -->
