<?xml version="1.0" encoding="UTF-8"?>
<!-- Generated by org.testng.reporters.JUnitReportReporter -->
<testsuite skipped="0" hostname="Chandan" name="com.appium.DeviceScripts.SK_ERP" tests="1" failures="0" timestamp="14 Aug 2020 11:06:33 GMT" time="48.430" errors="0">
  <testcase name="testERP" time="48.430" classname="com.appium.DeviceScripts.SK_ERP"/>
</testsuite> <!-- com.appium.DeviceScripts.SK_ERP -->
