<?xml version="1.0" encoding="UTF-8"?>
<!-- Generated by org.testng.reporters.JUnitReportReporter -->
<testsuite skipped="0" hostname="Chandan" name="com.appium.DeviceScripts.SK_VisitorManagement" tests="1" failures="0" timestamp="07 Jul 2020 10:50:52 GMT" time="68.340" errors="0">
  <testcase name="testERP" time="68.340" classname="com.appium.DeviceScripts.SK_VisitorManagement"/>
</testsuite> <!-- com.appium.DeviceScripts.SK_VisitorManagement -->
