<?xml version="1.0" encoding="UTF-8"?>
<!-- Generated by org.testng.reporters.JUnitReportReporter -->
<testsuite skipped="0" hostname="Chandan" name="com.appium.DeviceScripts.SK_MyHistory" tests="1" failures="0" timestamp="22 Jun 2020 12:33:43 GMT" time="34.536" errors="0">
  <testcase name="testERP" time="34.536" classname="com.appium.DeviceScripts.SK_MyHistory"/>
</testsuite> <!-- com.appium.DeviceScripts.SK_MyHistory -->
