<?xml version="1.0" encoding="UTF-8"?>
<!-- Generated by org.testng.reporters.JUnitReportReporter -->
<testsuite skipped="0" hostname="Chandan" name="com.appium.DeviceScripts.SK_ERP" tests="1" failures="0" timestamp="15 Jul 2020 11:46:07 GMT" time="45.984" errors="0">
  <testcase name="testERP" time="45.984" classname="com.appium.DeviceScripts.SK_ERP"/>
</testsuite> <!-- com.appium.DeviceScripts.SK_ERP -->
