<?xml version="1.0" encoding="UTF-8"?>
<!-- Generated by org.testng.reporters.JUnitReportReporter -->
<testsuite skipped="0" hostname="Chandan" name="com.appium.DeviceScripts.SK_Maps" tests="1" failures="0" timestamp="04 Aug 2020 12:48:26 GMT" time="93.796" errors="0">
  <testcase name="VerifyAllMap" time="93.796" classname="com.appium.DeviceScripts.SK_Maps"/>
</testsuite> <!-- com.appium.DeviceScripts.SK_Maps -->
