<?xml version="1.0" encoding="UTF-8"?>
<!-- Generated by org.testng.reporters.JUnitReportReporter -->
<testsuite skipped="0" hostname="Chandan" name="com.appium.DeviceScripts.SK_Tips_Anonymous" tests="1" failures="0" timestamp="05 May 2020 10:29:55 GMT" time="174.047" errors="0">
  <testcase name="testTips" time="174.047" classname="com.appium.DeviceScripts.SK_Tips_Anonymous"/>
</testsuite> <!-- com.appium.DeviceScripts.SK_Tips_Anonymous -->
