<?xml version="1.0" encoding="UTF-8"?>
<!-- Generated by org.testng.reporters.JUnitReportReporter -->
<testsuite skipped="0" hostname="Chandan" name="com.appium.DeviceScripts.SK_911_Incident" tests="1" failures="0" timestamp="20 May 2020 06:23:59 GMT" time="12.656" errors="0">
  <testcase name="test911Incident" time="12.656" classname="com.appium.DeviceScripts.SK_911_Incident"/>
</testsuite> <!-- com.appium.DeviceScripts.SK_911_Incident -->
