<?xml version="1.0" encoding="UTF-8"?>
<!-- Generated by org.testng.reporters.JUnitReportReporter -->
<testsuite skipped="0" hostname="Chandan" name="com.appium.DeviceScripts.SK_EditProfile" tests="1" failures="0" timestamp="23 Jun 2020 10:54:26 GMT" time="120.866" errors="0">
  <testcase name="Profile" time="120.866" classname="com.appium.DeviceScripts.SK_EditProfile"/>
</testsuite> <!-- com.appium.DeviceScripts.SK_EditProfile -->
