<?xml version="1.0" encoding="UTF-8"?>
<!-- Generated by org.testng.reporters.JUnitReportReporter -->
<testsuite skipped="0" hostname="Chandan" name="com.appium.EmulatorScripts.SK_Emulator_CreateProfile" tests="1" failures="0" timestamp="05 Sep 2019 12:23:51 GMT" time="736.577" errors="0">
  <testcase name="CreateAccount" time="736.577" classname="com.appium.EmulatorScripts.SK_Emulator_CreateProfile"/>
</testsuite> <!-- com.appium.EmulatorScripts.SK_Emulator_CreateProfile -->
