<?xml version="1.0" encoding="UTF-8"?>
<!-- Generated by org.testng.reporters.JUnitReportReporter -->
<testsuite skipped="0" hostname="Chandan" name="com.appium.DeviceScripts.SK_MAP" tests="1" failures="0" timestamp="23 Jun 2020 10:54:26 GMT" time="115.973" errors="0">
  <testcase name="testSteerPathMap" time="115.973" classname="com.appium.DeviceScripts.SK_MAP"/>
</testsuite> <!-- com.appium.DeviceScripts.SK_MAP -->
