<?xml version="1.0" encoding="UTF-8"?>
<!-- Generated by org.testng.reporters.JUnitReportReporter -->
<testsuite skipped="0" hostname="Chandan" name="com.appium.DeviceScripts.SK_VideoLocation_Incident" tests="1" failures="0" timestamp="31 Aug 2019 11:42:07 GMT" time="193.839" errors="0">
  <testcase name="verifyPhotoAudioIncident" time="193.839" classname="com.appium.DeviceScripts.SK_VideoLocation_Incident"/>
</testsuite> <!-- com.appium.DeviceScripts.SK_VideoLocation_Incident -->
