<?xml version="1.0" encoding="UTF-8"?>
<!-- Generated by org.testng.reporters.JUnitReportReporter -->
<testsuite skipped="0" hostname="Chandan" name="com.appium.DeviceScripts.SK_Organization" tests="1" failures="0" timestamp="04 Jul 2020 13:13:48 GMT" time="47.156" errors="0">
  <testcase name="Profile" time="47.156" classname="com.appium.DeviceScripts.SK_Organization"/>
</testsuite> <!-- com.appium.DeviceScripts.SK_Organization -->
