<?xml version="1.0" encoding="UTF-8"?>
<!-- Generated by org.testng.reporters.JUnitReportReporter -->
<testsuite skipped="0" hostname="Chandan" name="com.appium.DeviceScripts.SK_Organization" tests="1" failures="0" timestamp="20 Jul 2020 06:51:11 GMT" time="37.712" errors="0">
  <testcase name="Profile" time="37.712" classname="com.appium.DeviceScripts.SK_Organization"/>
</testsuite> <!-- com.appium.DeviceScripts.SK_Organization -->
