<?xml version="1.0" encoding="UTF-8"?>
<!-- Generated by org.testng.reporters.JUnitReportReporter -->
<testsuite skipped="0" hostname="Chandan" name="com.appium.DeviceScripts.SK_EditProfile" tests="1" failures="0" timestamp="04 Aug 2020 12:48:26 GMT" time="97.612" errors="0">
  <testcase name="Profile" time="97.612" classname="com.appium.DeviceScripts.SK_EditProfile"/>
</testsuite> <!-- com.appium.DeviceScripts.SK_EditProfile -->
