<?xml version="1.0" encoding="UTF-8"?>
<!-- Generated by org.testng.reporters.JUnitReportReporter -->
<testsuite skipped="0" hostname="Chandan" name="com.appium.DeviceScripts.SK_SteerpathMAP" tests="1" failures="0" timestamp="14 Aug 2020 11:06:33 GMT" time="98.135" errors="0">
  <testcase name="testSteerPathMap" time="98.135" classname="com.appium.DeviceScripts.SK_SteerpathMAP"/>
</testsuite> <!-- com.appium.DeviceScripts.SK_SteerpathMAP -->
