<?xml version="1.0" encoding="UTF-8"?>
<!-- Generated by org.testng.reporters.JUnitReportReporter -->
<testsuite skipped="0" hostname="Chandan" name="com.appium.DeviceScripts.JDBC_MySQL_Red5" tests="1" failures="0" timestamp="16 Dec 2019 12:42:18 GMT" time="2.525" errors="0">
  <testcase name="testMySQLDB" time="2.525" classname="com.appium.DeviceScripts.JDBC_MySQL_Red5"/>
</testsuite> <!-- com.appium.DeviceScripts.JDBC_MySQL_Red5 -->
