<?xml version="1.0" encoding="UTF-8"?>
<!-- Generated by org.testng.reporters.JUnitReportReporter -->
<testsuite skipped="0" hostname="Chandan" name="com.appium.DeviceScripts.SK_VideoLocation_Incident" tests="1" failures="0" timestamp="07 Dec 2019 13:03:31 GMT" time="189.924" errors="0">
  <testcase name="verifyPhotoAudioIncident" time="189.924" classname="com.appium.DeviceScripts.SK_VideoLocation_Incident"/>
</testsuite> <!-- com.appium.DeviceScripts.SK_VideoLocation_Incident -->
