<?xml version="1.0" encoding="UTF-8"?>
<!-- Generated by org.testng.reporters.JUnitReportReporter -->
<testsuite skipped="0" hostname="Chandan" name="com.appium.AppScripts.SK_IA_CreateAccount" tests="1" failures="0" timestamp="12 Aug 2019 09:04:46 GMT" time="315.042" errors="0">
  <testcase name="createAccount" time="315.042" classname="com.appium.AppScripts.SK_IA_CreateAccount"/>
</testsuite> <!-- com.appium.AppScripts.SK_IA_CreateAccount -->
